  CREATE_STREAM @0 {NAME:yapp_5_packets T:TVM SCOPE:uvm_test_top.tb.uvc1.agt.seqr STREAM:1}
BEGIN @0 {TXH:2 STREAM:1 NAME:yapp_5_packets TIME=0  TYPE="Begin_No_Parent, Link" LABEL:"" DESC=""}
BEGIN @0 {TXH:3 STREAM:1 NAME:req TIME=0  TYPE="Begin_End, Link" LABEL:"" DESC=""}
  LINK @0 {TXH1:2 TXH2:3 RELATION=child}
  SET_ATTR @10 {TXH:3 NAME:length VALUE:10   RADIX:UVM_DEC BITS=6}
  SET_ATTR @10 {TXH:3 NAME:addr VALUE:1   RADIX:UVM_HEX BITS=2}
  SET_ATTR @10 {TXH:3 NAME:payload[0] VALUE:223   RADIX:UVM_HEX BITS=8}
  SET_ATTR @10 {TXH:3 NAME:payload[1] VALUE:222   RADIX:UVM_HEX BITS=8}
  SET_ATTR @10 {TXH:3 NAME:payload[2] VALUE:192   RADIX:UVM_HEX BITS=8}
  SET_ATTR @10 {TXH:3 NAME:payload[3] VALUE:116   RADIX:UVM_HEX BITS=8}
  SET_ATTR @10 {TXH:3 NAME:payload[4] VALUE:48   RADIX:UVM_HEX BITS=8}
  SET_ATTR @10 {TXH:3 NAME:payload[5] VALUE:139   RADIX:UVM_HEX BITS=8}
  SET_ATTR @10 {TXH:3 NAME:payload[6] VALUE:28   RADIX:UVM_HEX BITS=8}
  SET_ATTR @10 {TXH:3 NAME:payload[7] VALUE:238   RADIX:UVM_HEX BITS=8}
  SET_ATTR @10 {TXH:3 NAME:payload[8] VALUE:204   RADIX:UVM_HEX BITS=8}
  SET_ATTR @10 {TXH:3 NAME:payload[9] VALUE:246   RADIX:UVM_HEX BITS=8}
  SET_ATTR @10 {TXH:3 NAME:parity VALUE:0   RADIX:UVM_HEX BITS=8}
  SET_ATTR @10 {TXH:3 NAME:parity_type VALUE:125045596921120607787644025   RADIX:UVM_STRING BITS=88}
  SET_ATTR @10 {TXH:3 NAME:packet_delay VALUE:11   RADIX:UVM_HEX BITS=32}
  SET_ATTR @10 {TXH:3 NAME:transaction_id VALUE:1   RADIX:UVM_DEC BITS=32}
END @10 {TXH:3 TIME=0}
FREE @10 {TXH:3}
BEGIN @10 {TXH:4 STREAM:1 NAME:req TIME=0  TYPE="Begin_End, Link" LABEL:"" DESC=""}
  LINK @10 {TXH1:2 TXH2:4 RELATION=child}
  SET_ATTR @20 {TXH:4 NAME:length VALUE:11   RADIX:UVM_DEC BITS=6}
  SET_ATTR @20 {TXH:4 NAME:addr VALUE:1   RADIX:UVM_HEX BITS=2}
  SET_ATTR @20 {TXH:4 NAME:payload[0] VALUE:160   RADIX:UVM_HEX BITS=8}
  SET_ATTR @20 {TXH:4 NAME:payload[1] VALUE:189   RADIX:UVM_HEX BITS=8}
  SET_ATTR @20 {TXH:4 NAME:payload[2] VALUE:226   RADIX:UVM_HEX BITS=8}
  SET_ATTR @20 {TXH:4 NAME:payload[3] VALUE:236   RADIX:UVM_HEX BITS=8}
  SET_ATTR @20 {TXH:4 NAME:payload[4] VALUE:231   RADIX:UVM_HEX BITS=8}
  SET_ATTR @20 {TXH:4 NAME:payload[6] VALUE:99   RADIX:UVM_HEX BITS=8}
  SET_ATTR @20 {TXH:4 NAME:payload[7] VALUE:71   RADIX:UVM_HEX BITS=8}
  SET_ATTR @20 {TXH:4 NAME:payload[8] VALUE:105   RADIX:UVM_HEX BITS=8}
  SET_ATTR @20 {TXH:4 NAME:payload[9] VALUE:38   RADIX:UVM_HEX BITS=8}
  SET_ATTR @20 {TXH:4 NAME:payload[10] VALUE:185   RADIX:UVM_HEX BITS=8}
  SET_ATTR @20 {TXH:4 NAME:parity VALUE:0   RADIX:UVM_HEX BITS=8}
  SET_ATTR @20 {TXH:4 NAME:parity_type VALUE:125045596921120607787644025   RADIX:UVM_STRING BITS=88}
  SET_ATTR @20 {TXH:4 NAME:packet_delay VALUE:19   RADIX:UVM_HEX BITS=32}
  SET_ATTR @20 {TXH:4 NAME:transaction_id VALUE:2   RADIX:UVM_DEC BITS=32}
END @20 {TXH:4 TIME=0}
FREE @20 {TXH:4}
BEGIN @20 {TXH:5 STREAM:1 NAME:req TIME=0  TYPE="Begin_End, Link" LABEL:"" DESC=""}
  LINK @20 {TXH1:2 TXH2:5 RELATION=child}
  SET_ATTR @30 {TXH:5 NAME:length VALUE:1   RADIX:UVM_DEC BITS=6}
  SET_ATTR @30 {TXH:5 NAME:addr VALUE:1   RADIX:UVM_HEX BITS=2}
  SET_ATTR @30 {TXH:5 NAME:payload[0] VALUE:69   RADIX:UVM_HEX BITS=8}
  SET_ATTR @30 {TXH:5 NAME:parity VALUE:0   RADIX:UVM_HEX BITS=8}
  SET_ATTR @30 {TXH:5 NAME:parity_type VALUE:125045596921120607787644025   RADIX:UVM_STRING BITS=88}
  SET_ATTR @30 {TXH:5 NAME:packet_delay VALUE:12   RADIX:UVM_HEX BITS=32}
  SET_ATTR @30 {TXH:5 NAME:transaction_id VALUE:3   RADIX:UVM_DEC BITS=32}
END @30 {TXH:5 TIME=0}
FREE @30 {TXH:5}
BEGIN @30 {TXH:6 STREAM:1 NAME:req TIME=0  TYPE="Begin_End, Link" LABEL:"" DESC=""}
  LINK @30 {TXH1:2 TXH2:6 RELATION=child}
  SET_ATTR @40 {TXH:6 NAME:length VALUE:10   RADIX:UVM_DEC BITS=6}
  SET_ATTR @40 {TXH:6 NAME:addr VALUE:1   RADIX:UVM_HEX BITS=2}
  SET_ATTR @40 {TXH:6 NAME:payload[0] VALUE:39   RADIX:UVM_HEX BITS=8}
  SET_ATTR @40 {TXH:6 NAME:payload[1] VALUE:127   RADIX:UVM_HEX BITS=8}
  SET_ATTR @40 {TXH:6 NAME:payload[2] VALUE:126   RADIX:UVM_HEX BITS=8}
  SET_ATTR @40 {TXH:6 NAME:payload[3] VALUE:171   RADIX:UVM_HEX BITS=8}
  SET_ATTR @40 {TXH:6 NAME:payload[4] VALUE:135   RADIX:UVM_HEX BITS=8}
  SET_ATTR @40 {TXH:6 NAME:payload[5] VALUE:149   RADIX:UVM_HEX BITS=8}
  SET_ATTR @40 {TXH:6 NAME:payload[6] VALUE:114   RADIX:UVM_HEX BITS=8}
  SET_ATTR @40 {TXH:6 NAME:payload[7] VALUE:235   RADIX:UVM_HEX BITS=8}
  SET_ATTR @40 {TXH:6 NAME:payload[8] VALUE:66   RADIX:UVM_HEX BITS=8}
  SET_ATTR @40 {TXH:6 NAME:payload[9] VALUE:190   RADIX:UVM_HEX BITS=8}
  SET_ATTR @40 {TXH:6 NAME:parity VALUE:0   RADIX:UVM_HEX BITS=8}
  SET_ATTR @40 {TXH:6 NAME:parity_type VALUE:464588482119465471407225   RADIX:UVM_STRING BITS=80}
  SET_ATTR @40 {TXH:6 NAME:packet_delay VALUE:2   RADIX:UVM_HEX BITS=32}
  SET_ATTR @40 {TXH:6 NAME:transaction_id VALUE:4   RADIX:UVM_DEC BITS=32}
END @40 {TXH:6 TIME=0}
FREE @40 {TXH:6}
BEGIN @40 {TXH:7 STREAM:1 NAME:req TIME=0  TYPE="Begin_End, Link" LABEL:"" DESC=""}
  LINK @40 {TXH1:2 TXH2:7 RELATION=child}
  SET_ATTR @50 {TXH:7 NAME:length VALUE:2   RADIX:UVM_DEC BITS=6}
  SET_ATTR @50 {TXH:7 NAME:addr VALUE:1   RADIX:UVM_HEX BITS=2}
  SET_ATTR @50 {TXH:7 NAME:payload[0] VALUE:203   RADIX:UVM_HEX BITS=8}
  SET_ATTR @50 {TXH:7 NAME:payload[1] VALUE:227   RADIX:UVM_HEX BITS=8}
  SET_ATTR @50 {TXH:7 NAME:parity VALUE:0   RADIX:UVM_HEX BITS=8}
  SET_ATTR @50 {TXH:7 NAME:parity_type VALUE:125045596921120607787644025   RADIX:UVM_STRING BITS=88}
  SET_ATTR @50 {TXH:7 NAME:packet_delay VALUE:17   RADIX:UVM_HEX BITS=32}
  SET_ATTR @50 {TXH:7 NAME:transaction_id VALUE:5   RADIX:UVM_DEC BITS=32}
END @50 {TXH:7 TIME=0}
FREE @50 {TXH:7}
END @50 {TXH:2 TIME=0}
FREE @50 {TXH:2}
